0 info it worked if it ends with ok
1 verbose cli [ '/Users/kdao/.nvm/versions/node/v4.6.2/bin/node',
1 verbose cli   '/Users/kdao/.nvm/versions/node/v4.6.2/bin/npm',
1 verbose cli   'start' ]
2 info using npm@2.15.11
3 info using node@v4.6.2
4 verbose run-script [ 'prestart', 'start', 'poststart' ]
5 info prestart react-typescript-prototype@1.0.0
6 info start react-typescript-prototype@1.0.0
7 verbose unsafe-perm in lifecycle true
8 info react-typescript-prototype@1.0.0 Failed to exec start script
9 verbose stack Error: react-typescript-prototype@1.0.0 start: `webpack-dev-server -d --history-api-fallback --hot --inline --progress --colors --port 3000 --open`
9 verbose stack Exit status 1
9 verbose stack     at EventEmitter.<anonymous> (/Users/kdao/.nvm/versions/node/v4.6.2/lib/node_modules/npm/lib/utils/lifecycle.js:217:16)
9 verbose stack     at emitTwo (events.js:87:13)
9 verbose stack     at EventEmitter.emit (events.js:172:7)
9 verbose stack     at ChildProcess.<anonymous> (/Users/kdao/.nvm/versions/node/v4.6.2/lib/node_modules/npm/lib/utils/spawn.js:24:14)
9 verbose stack     at emitTwo (events.js:87:13)
9 verbose stack     at ChildProcess.emit (events.js:172:7)
9 verbose stack     at maybeClose (internal/child_process.js:854:16)
9 verbose stack     at Process.ChildProcess._handle.onexit (internal/child_process.js:222:5)
10 verbose pkgid react-typescript-prototype@1.0.0
11 verbose cwd /Users/kdao/Prototypes/react-typescript-prototype
12 error Darwin 15.6.0
13 error argv "/Users/kdao/.nvm/versions/node/v4.6.2/bin/node" "/Users/kdao/.nvm/versions/node/v4.6.2/bin/npm" "start"
14 error node v4.6.2
15 error npm  v2.15.11
16 error code ELIFECYCLE
17 error react-typescript-prototype@1.0.0 start: `webpack-dev-server -d --history-api-fallback --hot --inline --progress --colors --port 3000 --open`
17 error Exit status 1
18 error Failed at the react-typescript-prototype@1.0.0 start script 'webpack-dev-server -d --history-api-fallback --hot --inline --progress --colors --port 3000 --open'.
18 error This is most likely a problem with the react-typescript-prototype package,
18 error not with npm itself.
18 error Tell the author that this fails on your system:
18 error     webpack-dev-server -d --history-api-fallback --hot --inline --progress --colors --port 3000 --open
18 error You can get information on how to open an issue for this project with:
18 error     npm bugs react-typescript-prototype
18 error Or if that isn't available, you can get their info via:
18 error
18 error     npm owner ls react-typescript-prototype
18 error There is likely additional logging output above.
19 verbose exit [ 1, true ]
